This file contains any messages produced by compilers while
running configure, to aid debugging if configure makes a mistake.

It was created by configure, which was
generated by GNU Autoconf 2.61.  Invocation command line was

  $ ./configure 

## --------- ##
## Platform. ##
## --------- ##

hostname = server2.postincrement.net
uname -m = i686
uname -r = 2.6.22.9-61.fc6
uname -s = Linux
uname -v = #1 SMP Thu Sep 27 18:48:03 EDT 2007

/usr/bin/uname -p = unknown
/bin/uname -X     = unknown

/bin/arch              = i686
/usr/bin/arch -k       = unknown
/usr/convex/getsysinfo = unknown
/usr/bin/hostinfo      = unknown
/bin/machine           = unknown
/usr/bin/oslevel       = unknown
/bin/universe          = unknown

PATH: /usr/kerberos/bin
PATH: /usr/local/bin
PATH: /bin
PATH: /usr/bin
PATH: /usr/X11R6/bin
PATH: /sbin
PATH: /usr/sbin


## ----------- ##
## Core tests. ##
## ----------- ##

configure:1905: checking for g++
configure:1921: found /usr/bin/g++
configure:1932: result: g++
configure:1963: checking for C++ compiler version
configure:1970: g++ --version >&5
g++ (GCC) 4.1.2 20070626 (Red Hat 4.1.2-13)
Copyright (C) 2006 Free Software Foundation, Inc.
This is free software; see the source for copying conditions.  There is NO
warranty; not even for MERCHANTABILITY or FITNESS FOR A PARTICULAR PURPOSE.

configure:1973: $? = 0
configure:1980: g++ -v >&5
Using built-in specs.
Target: i386-redhat-linux
Configured with: ../configure --prefix=/usr --mandir=/usr/share/man --infodir=/usr/share/info --enable-shared --enable-threads=posix --enable-checking=release --with-system-zlib --enable-__cxa_atexit --disable-libunwind-exceptions --enable-libgcj-multifile --enable-languages=c,c++,objc,obj-c++,java,fortran,ada --enable-java-awt=gtk --disable-dssi --enable-plugin --with-java-home=/usr/lib/jvm/java-1.4.2-gcj-1.4.2.0/jre --with-cpu=generic --host=i386-redhat-linux
Thread model: posix
gcc version 4.1.2 20070626 (Red Hat 4.1.2-13)
configure:1983: $? = 0
configure:1990: g++ -V >&5
g++: '-V' option must have argument
configure:1993: $? = 1
configure:2016: checking for C++ compiler default output file name
configure:2043: g++    conftest.cpp  >&5
configure:2046: $? = 0
configure:2084: result: a.out
configure:2101: checking whether the C++ compiler works
configure:2111: ./a.out
configure:2114: $? = 0
configure:2131: result: yes
configure:2138: checking whether we are cross compiling
configure:2140: result: no
configure:2143: checking for suffix of executables
configure:2150: g++ -o conftest    conftest.cpp  >&5
configure:2153: $? = 0
configure:2177: result: 
configure:2183: checking for suffix of object files
configure:2209: g++ -c   conftest.cpp >&5
configure:2212: $? = 0
configure:2235: result: o
configure:2239: checking whether we are using the GNU C++ compiler
configure:2268: g++ -c   conftest.cpp >&5
configure:2274: $? = 0
configure:2291: result: yes
configure:2296: checking whether g++ accepts -g
configure:2326: g++ -c -g  conftest.cpp >&5
configure:2332: $? = 0
configure:2431: result: yes
configure:2499: PTLib version is 2.0.0
configure:2530: checking build system type
configure:2548: result: i686-pc-linux-gnu
configure:2570: checking host system type
configure:2585: result: i686-pc-linux-gnu
configure:2607: checking target system type
configure:2622: result: i686-pc-linux-gnu
configure:2787: OSTYPE set to linux
configure:2789: OSRELEASE set to "2.6.22.9-61.fc6"
configure:2791: MACHTYPE set to x86
configure:2841: gcc version is 4.1.2
configure:2847: checking checking if pragma implementation should be used
configure:2859: result: no
configure:2863: checking checking if precompiled headers available
configure:2876: result: yes
configure:2912: checking how to run the C++ preprocessor
configure:2948: g++ -E  conftest.cpp
configure:2954: $? = 0
configure:2985: g++ -E  conftest.cpp
conftest.cpp:16:28: error: ac_nonexistent.h: No such file or directory
configure:2991: $? = 1
configure: failed program was:
| /* confdefs.h.  */
| #define PACKAGE_NAME ""
| #define PACKAGE_TARNAME ""
| #define PACKAGE_VERSION ""
| #define PACKAGE_STRING ""
| #define PACKAGE_BUGREPORT ""
| #define PWLIB_MAJOR 2
| #define PWLIB_MINOR 0
| #define PWLIB_BUILD 0
| #define PWLIB_VERSION "2.0.0"
| #define P_LINUX "2.6.22.9-61.fc6"
| #define PHAS_TEMPLATES 1
| #define P_PTHREADS 1
| #define P_SHAREDLIBEXT $SHAREDLIBEXT
| /* end confdefs.h.  */
| #include <ac_nonexistent.h>
configure:3024: result: g++ -E
configure:3053: g++ -E  conftest.cpp
configure:3059: $? = 0
configure:3090: g++ -E  conftest.cpp
conftest.cpp:16:28: error: ac_nonexistent.h: No such file or directory
configure:3096: $? = 1
configure: failed program was:
| /* confdefs.h.  */
| #define PACKAGE_NAME ""
| #define PACKAGE_TARNAME ""
| #define PACKAGE_VERSION ""
| #define PACKAGE_STRING ""
| #define PACKAGE_BUGREPORT ""
| #define PWLIB_MAJOR 2
| #define PWLIB_MINOR 0
| #define PWLIB_BUILD 0
| #define PWLIB_VERSION "2.0.0"
| #define P_LINUX "2.6.22.9-61.fc6"
| #define PHAS_TEMPLATES 1
| #define P_PTHREADS 1
| #define P_SHAREDLIBEXT $SHAREDLIBEXT
| /* end confdefs.h.  */
| #include <ac_nonexistent.h>
configure:3134: checking for grep that handles long lines and -e
configure:3208: result: /bin/grep
configure:3213: checking for egrep
configure:3291: result: /bin/grep -E
configure:3296: checking for ANSI C header files
configure:3326: g++ -c -g -O2  conftest.cpp >&5
configure:3332: $? = 0
configure:3431: g++ -o conftest -g -O2   conftest.cpp  >&5
configure:3434: $? = 0
configure:3440: ./conftest
configure:3443: $? = 0
configure:3460: result: yes
configure:3484: checking for sys/types.h
configure:3505: g++ -c -g -O2  conftest.cpp >&5
configure:3511: $? = 0
configure:3527: result: yes
configure:3484: checking for sys/stat.h
configure:3505: g++ -c -g -O2  conftest.cpp >&5
configure:3511: $? = 0
configure:3527: result: yes
configure:3484: checking for stdlib.h
configure:3505: g++ -c -g -O2  conftest.cpp >&5
configure:3511: $? = 0
configure:3527: result: yes
configure:3484: checking for string.h
configure:3505: g++ -c -g -O2  conftest.cpp >&5
configure:3511: $? = 0
configure:3527: result: yes
configure:3484: checking for memory.h
configure:3505: g++ -c -g -O2  conftest.cpp >&5
configure:3511: $? = 0
configure:3527: result: yes
configure:3484: checking for strings.h
configure:3505: g++ -c -g -O2  conftest.cpp >&5
configure:3511: $? = 0
configure:3527: result: yes
configure:3484: checking for inttypes.h
configure:3505: g++ -c -g -O2  conftest.cpp >&5
configure:3511: $? = 0
configure:3527: result: yes
configure:3484: checking for stdint.h
configure:3505: g++ -c -g -O2  conftest.cpp >&5
configure:3511: $? = 0
configure:3527: result: yes
configure:3484: checking for unistd.h
configure:3505: g++ -c -g -O2  conftest.cpp >&5
configure:3511: $? = 0
configure:3527: result: yes
configure:3539: checking whether byte ordering is bigendian
configure:3572: g++ -c -g -O2  conftest.cpp >&5
configure:3578: $? = 0
configure:3610: g++ -c -g -O2  conftest.cpp >&5
conftest.cpp: In function 'int main()':
conftest.cpp:33: error: 'big' was not declared in this scope
conftest.cpp:33: error: expected `;' before 'endian'
configure:3616: $? = 1
configure: failed program was:
| /* confdefs.h.  */
| #define PACKAGE_NAME ""
| #define PACKAGE_TARNAME ""
| #define PACKAGE_VERSION ""
| #define PACKAGE_STRING ""
| #define PACKAGE_BUGREPORT ""
| #define PWLIB_MAJOR 2
| #define PWLIB_MINOR 0
| #define PWLIB_BUILD 0
| #define PWLIB_VERSION "2.0.0"
| #define P_LINUX "2.6.22.9-61.fc6"
| #define PHAS_TEMPLATES 1
| #define P_PTHREADS 1
| #define P_SHAREDLIBEXT $SHAREDLIBEXT
| #define STDC_HEADERS 1
| #define HAVE_SYS_TYPES_H 1
| #define HAVE_SYS_STAT_H 1
| #define HAVE_STDLIB_H 1
| #define HAVE_STRING_H 1
| #define HAVE_MEMORY_H 1
| #define HAVE_STRINGS_H 1
| #define HAVE_INTTYPES_H 1
| #define HAVE_STDINT_H 1
| #define HAVE_UNISTD_H 1
| /* end confdefs.h.  */
| #include <sys/types.h>
| #include <sys/param.h>
| 
| int
| main ()
| {
| #if BYTE_ORDER != BIG_ENDIAN
|  not big endian
| #endif
| 
|   ;
|   return 0;
| }
configure:3756: result: no
configure:3795: checking if linker accepts -felide-constructors
configure:3806: result: no
configure:3810: checking if linker accepts -Wreorder
configure:3821: result: no
configure:3827: checking if debug build accepts -g3 -ggdb -O0
configure:3838: result: no
configure:3854: checking if compiler uses RTTI by default
configure:3883: g++ -c -g -O2  conftest.cpp >&5
configure:3889: $? = 0
configure:3904: result: yes
configure:3951: checking for int
configure:3981: g++ -c -g -O2  conftest.cpp >&5
configure:3987: $? = 0
configure:4002: result: yes
configure:4009: checking size of int
configure:4311: g++ -o conftest -g -O2   conftest.cpp  >&5
configure:4314: $? = 0
configure:4320: ./conftest
configure:4323: $? = 0
configure:4346: result: 4
configure:4360: checking for long double with more range or precision than double
configure:4405: g++ -c -g -O2  conftest.cpp >&5
configure:4411: $? = 0
configure:4426: result: yes
configure:4459: checking for flex
configure:4477: found /usr/bin/flex
configure:4489: result: /usr/bin/flex
configure:4505: checking for ar
configure:4523: found /usr/bin/ar
configure:4535: result: /usr/bin/ar
configure:4588: checking for bison
configure:4606: found /usr/bin/bison
configure:4618: result: /usr/bin/bison
configure:4632: checking if readdir_r has 2 parms
configure:4656: g++ -c -g -O2  conftest.cpp >&5
/usr/include/dirent.h: In function 'int main()':
/usr/include/dirent.h:187: error: too few arguments to function 'int readdir_r(DIR*, dirent*, dirent**)'
conftest.cpp:35: error: at this point in file
configure:4662: $? = 1
configure: failed program was:
| /* confdefs.h.  */
| #define PACKAGE_NAME ""
| #define PACKAGE_TARNAME ""
| #define PACKAGE_VERSION ""
| #define PACKAGE_STRING ""
| #define PACKAGE_BUGREPORT ""
| #define PWLIB_MAJOR 2
| #define PWLIB_MINOR 0
| #define PWLIB_BUILD 0
| #define PWLIB_VERSION "2.0.0"
| #define P_LINUX "2.6.22.9-61.fc6"
| #define PHAS_TEMPLATES 1
| #define P_PTHREADS 1
| #define P_SHAREDLIBEXT $SHAREDLIBEXT
| #define STDC_HEADERS 1
| #define HAVE_SYS_TYPES_H 1
| #define HAVE_SYS_STAT_H 1
| #define HAVE_STDLIB_H 1
| #define HAVE_STRING_H 1
| #define HAVE_MEMORY_H 1
| #define HAVE_STRINGS_H 1
| #define HAVE_INTTYPES_H 1
| #define HAVE_STDINT_H 1
| #define HAVE_UNISTD_H 1
| #define PBYTE_ORDER PLITTLE_ENDIAN
| #define SIZEOF_INT 4
| #define HAVE_LONG_DOUBLE_WIDER 1
| #define HAVE_LONG_DOUBLE 1
| /* end confdefs.h.  */
| #define _POSIX_PTHREAD_SEMANTICS
|                 #include <dirent.h>
| int
| main ()
| {
| DIR *s; struct dirent * e; readdir_r(s, e);
|   ;
|   return 0;
| }
configure:4680: result: no
configure:4682: checking if readdir_r has 3 parms
configure:4705: g++ -c -g -O2  conftest.cpp >&5
configure:4711: $? = 0
configure:4726: result: yes
configure:4871: checking for recvmsg
configure:4896: g++ -c -g -O2  conftest.cpp >&5
configure:4902: $? = 0
configure:4917: result: yes
configure:4930: checking if using STL streams
configure:4953: g++ -c -g -O2  conftest.cpp >&5
configure:4959: $? = 0
configure:4974: result: yes
configure:4988: checking if atomic integer available
configure:5011: g++ -c -g -O2  conftest.cpp >&5
configure:5017: $? = 0
configure:5073: result: yes
configure:5075: checking if __exchange_and_add is in __gnu_cxx namespace
configure:5099: g++ -c -g -O2  conftest.cpp >&5
configure:5105: $? = 0
configure:5164: result: yes
configure:5288: g++ -c -g -O2  conftest.cpp >&5
configure:5294: $? = 0
configure:5308: checking if Unix semaphores are available
configure:5315: result: yes
configure:5392: checking for pthread_create in -lpthread
configure:5427: g++ -o conftest -g -O2   conftest.cpp -lpthread   >&5
configure:5433: $? = 0
configure:5451: result: yes
configure:5483: checking if pthread_mutex_timedlock is available
configure:5506: g++ -c -g -O2  conftest.cpp >&5
configure:5512: $? = 0
configure:5527: result: yes
configure:5539: checking for sem_timedwait in -lpthread
configure:5574: g++ -o conftest -g -O2   conftest.cpp -lpthread   >&5
configure:5580: $? = 0
configure:5598: result: yes
configure:5607: checking if sem_timedwait is compilable
configure:5630: g++ -c -g -O2  conftest.cpp >&5
configure:5636: $? = 0
configure:5656: result: yes
configure:5666: checking if recursive mutexes are available
configure:5689: g++ -c -g -O2  conftest.cpp >&5
configure:5695: $? = 0
configure:5710: result: PTHREAD_MUTEX_RECURSIVE_NP
configure:5784: checking regex.h usability
configure:5801: g++ -c -g -O2  conftest.cpp >&5
configure:5807: $? = 0
configure:5821: result: yes
configure:5825: checking regex.h presence
configure:5840: g++ -E  conftest.cpp
configure:5846: $? = 0
configure:5860: result: yes
configure:5888: checking for regex.h
configure:5896: result: yes
configure:5920: checking for regcomp
configure:5976: g++ -o conftest -g -O2   conftest.cpp  >&5
configure:5982: $? = 0
configure:5999: result: yes
configure:6056: checking dlfcn.h usability
configure:6073: g++ -c -g -O2  conftest.cpp >&5
configure:6079: $? = 0
configure:6093: result: yes
configure:6097: checking dlfcn.h presence
configure:6112: g++ -E  conftest.cpp
configure:6118: $? = 0
configure:6132: result: yes
configure:6160: checking for dlfcn.h
configure:6168: result: yes
configure:6184: checking if dlopen is available
configure:6207: g++ -c -g -O2  conftest.cpp >&5
configure:6213: $? = 0
configure:6231: result: yes
configure:6239: checking for dlopen in -ldl
configure:6274: g++ -o conftest -g -O2   conftest.cpp -ldl   >&5
configure:6280: $? = 0
configure:6298: result: yes
configure:6313: checking if plugins support needs to be compiled
configure:6332: result: plugins enabled
configure:6376: checking for res_ninit
configure:6432: g++ -o conftest -g -O2   conftest.cpp  >&5
/tmp/ccEye7Dj.o: In function `main':
/home/release/ptlib/conftest.cpp:79: undefined reference to `res_ninit'
collect2: ld returned 1 exit status
configure:6438: $? = 1
configure: failed program was:
| /* confdefs.h.  */
| #define PACKAGE_NAME ""
| #define PACKAGE_TARNAME ""
| #define PACKAGE_VERSION ""
| #define PACKAGE_STRING ""
| #define PACKAGE_BUGREPORT ""
| #define PWLIB_MAJOR 2
| #define PWLIB_MINOR 0
| #define PWLIB_BUILD 0
| #define PWLIB_VERSION "2.0.0"
| #define P_LINUX "2.6.22.9-61.fc6"
| #define PHAS_TEMPLATES 1
| #define P_PTHREADS 1
| #define P_SHAREDLIBEXT $SHAREDLIBEXT
| #define STDC_HEADERS 1
| #define HAVE_SYS_TYPES_H 1
| #define HAVE_SYS_STAT_H 1
| #define HAVE_STDLIB_H 1
| #define HAVE_STRING_H 1
| #define HAVE_MEMORY_H 1
| #define HAVE_STRINGS_H 1
| #define HAVE_INTTYPES_H 1
| #define HAVE_STDINT_H 1
| #define HAVE_UNISTD_H 1
| #define PBYTE_ORDER PLITTLE_ENDIAN
| #define SIZEOF_INT 4
| #define HAVE_LONG_DOUBLE_WIDER 1
| #define HAVE_LONG_DOUBLE 1
| #define P_HAS_POSIX_READDIR_R 3
| #define P_HAS_RECVMSG 1
| #define P_HAS_STL_STREAMS 1
| #define P_HAS_ATOMIC_INT 1
| #define P_NEEDS_GNU_CXX_NAMESPACE 1
| #define P_HAS_SEMAPHORES 1
| #define P_PTHREADS_XPG6 1
| #define P_HAS_SEMAPHORES_XPG6 1
| #define P_HAS_RECURSIVE_MUTEX 1
| #define HAVE_REGEX_H 1
| #define P_REGEX 1
| #define HAVE_DLFCN_H 1
| #define P_DYNALINK 1
| #define P_HAS_PLUGINS 1
| #define P_DEFAULT_PLUGIN_DIR "/usr/local/lib/pwlib"
| /* end confdefs.h.  */
| /* Define res_ninit to an innocuous variant, in case <limits.h> declares res_ninit.
|    For example, HP-UX 11i <limits.h> declares gettimeofday.  */
| #define res_ninit innocuous_res_ninit
| 
| /* System header to define __stub macros and hopefully few prototypes,
|     which can conflict with char res_ninit (); below.
|     Prefer <limits.h> to <assert.h> if __STDC__ is defined, since
|     <limits.h> exists even on freestanding compilers.  */
| 
| #ifdef __STDC__
| # include <limits.h>
| #else
| # include <assert.h>
| #endif
| 
| #undef res_ninit
| 
| /* Override any GCC internal prototype to avoid an error.
|    Use char because int might match the return type of a GCC
|    builtin and then its argument prototype would still apply.  */
| #ifdef __cplusplus
| extern "C"
| #endif
| char res_ninit ();
| /* The GNU C library defines this for functions which it implements
|     to always fail with ENOSYS.  Some functions are actually named
|     something starting with __ and the normal name is an alias.  */
| #if defined __stub_res_ninit || defined __stub___res_ninit
| choke me
| #endif
| 
| int
| main ()
| {
| return res_ninit ();
|   ;
|   return 0;
| }
configure:6455: result: no
configure:6471: checking for res_ninit in -lresolv
configure:6488: g++ -o conftest -g -O2   conftest.cpp -lresolv >&5
configure:6494: $? = 0
configure:6511: result: yes
configure:6785: checking for sasl_version in -lsasl2
configure:6808: g++ -o conftest -g -O2   conftest.cpp  -lsasl2 >&5
configure:6814: $? = 0
configure:6886: result: yes
configure:6891: checking if <sasl.h> works
configure:6903: g++ -c -g -O2  conftest.cpp >&5
conftest.cpp:1:18: error: sasl.h: No such file or directory
conftest.cpp: In function 'int main(int, char**)':
conftest.cpp:2: error: 'SASL_LOG_PASS' was not declared in this scope
configure:6909: $? = 1
configure: failed program was:
| #include <sasl.h>
| int main(int argc,char **argv){ int v = SASL_LOG_PASS; }
configure:6928: result: no
configure:6930: checking if <sasl/sasl.h> works
configure:6942: g++ -c -g -O2  conftest.cpp >&5
configure:6948: $? = 0
configure:6963: result: yes
configure:7001: checking for mlib_VideoColorJFIFYCC2RGB420_Nearest in -lmlib
configure:7036: g++ -o conftest -g -O2   conftest.cpp -lmlib   >&5
/usr/bin/ld: cannot find -lmlib
collect2: ld returned 1 exit status
configure:7042: $? = 1
configure: failed program was:
| /* confdefs.h.  */
| #define PACKAGE_NAME ""
| #define PACKAGE_TARNAME ""
| #define PACKAGE_VERSION ""
| #define PACKAGE_STRING ""
| #define PACKAGE_BUGREPORT ""
| #define PWLIB_MAJOR 2
| #define PWLIB_MINOR 0
| #define PWLIB_BUILD 0
| #define PWLIB_VERSION "2.0.0"
| #define P_LINUX "2.6.22.9-61.fc6"
| #define PHAS_TEMPLATES 1
| #define P_PTHREADS 1
| #define P_SHAREDLIBEXT $SHAREDLIBEXT
| #define STDC_HEADERS 1
| #define HAVE_SYS_TYPES_H 1
| #define HAVE_SYS_STAT_H 1
| #define HAVE_STDLIB_H 1
| #define HAVE_STRING_H 1
| #define HAVE_MEMORY_H 1
| #define HAVE_STRINGS_H 1
| #define HAVE_INTTYPES_H 1
| #define HAVE_STDINT_H 1
| #define HAVE_UNISTD_H 1
| #define PBYTE_ORDER PLITTLE_ENDIAN
| #define SIZEOF_INT 4
| #define HAVE_LONG_DOUBLE_WIDER 1
| #define HAVE_LONG_DOUBLE 1
| #define P_HAS_POSIX_READDIR_R 3
| #define P_HAS_RECVMSG 1
| #define P_HAS_STL_STREAMS 1
| #define P_HAS_ATOMIC_INT 1
| #define P_NEEDS_GNU_CXX_NAMESPACE 1
| #define P_HAS_SEMAPHORES 1
| #define P_PTHREADS_XPG6 1
| #define P_HAS_SEMAPHORES_XPG6 1
| #define P_HAS_RECURSIVE_MUTEX 1
| #define HAVE_REGEX_H 1
| #define P_REGEX 1
| #define HAVE_DLFCN_H 1
| #define P_DYNALINK 1
| #define P_HAS_PLUGINS 1
| #define P_DEFAULT_PLUGIN_DIR "/usr/local/lib/pwlib"
| #define P_HAS_RES_NINIT 1
| #define P_DNS 1
| #define P_HAS_SASL_SASL_H 1
| #define P_SASL2 1
| /* end confdefs.h.  */
| 
| /* Override any GCC internal prototype to avoid an error.
|    Use char because int might match the return type of a GCC
|    builtin and then its argument prototype would still apply.  */
| #ifdef __cplusplus
| extern "C"
| #endif
| char mlib_VideoColorJFIFYCC2RGB420_Nearest ();
| int
| main ()
| {
| return mlib_VideoColorJFIFYCC2RGB420_Nearest ();
|   ;
|   return 0;
| }
configure:7060: result: no
configure:7109: checking ldap.h usability
configure:7126: g++ -c -g -O2  conftest.cpp >&5
configure:7132: $? = 0
configure:7146: result: yes
configure:7150: checking ldap.h presence
configure:7165: g++ -E  conftest.cpp
configure:7171: $? = 0
configure:7185: result: yes
configure:7213: checking for ldap.h
configure:7221: result: yes
configure:7240: checking for ldap_open in -lldap
configure:7275: g++ -o conftest -g -O2   conftest.cpp -lldap -llber -lldap_r  -lresolv  -lpthread -lsasl2   >&5
configure:7281: $? = 0
configure:7299: result: yes
configure:7476: checking openssl/ssl.h usability
configure:7493: g++ -c -g -O2  conftest.cpp >&5
configure:7499: $? = 0
configure:7513: result: yes
configure:7517: checking openssl/ssl.h presence
configure:7532: g++ -E  conftest.cpp
configure:7538: $? = 0
configure:7552: result: yes
configure:7580: checking for openssl/ssl.h
configure:7588: result: yes
configure:7735: checking openssl/aes.h usability
configure:7752: g++ -c -g -O2  conftest.cpp >&5
configure:7758: $? = 0
configure:7772: result: yes
configure:7776: checking openssl/aes.h presence
configure:7791: g++ -E  conftest.cpp
configure:7797: $? = 0
configure:7811: result: yes
configure:7839: checking for openssl/aes.h
configure:7847: result: yes
configure:7870: checking for const arg to d2i_AutoPrivateKey
configure:7895: g++ -c -g -O2  conftest.cpp >&5
configure:7901: $? = 0
configure:7919: result: yes
configure:7996: checking expat.h usability
configure:8013: g++ -c -g -O2  conftest.cpp >&5
configure:8019: $? = 0
configure:8033: result: yes
configure:8037: checking expat.h presence
configure:8052: g++ -E  conftest.cpp
configure:8058: $? = 0
configure:8072: result: yes
configure:8100: checking for expat.h
configure:8108: result: yes
configure:8122: checking for XML_ParserCreate in -lexpat
configure:8157: g++ -o conftest -g -O2   conftest.cpp -lexpat   >&5
configure:8163: $? = 0
configure:8181: result: yes
configure:8387: checking for IPv6 support
configure:8411: g++ -c -g -O2  conftest.cpp >&5
configure:8417: $? = 0
configure:8457: g++ -c -g -O2  conftest.cpp >&5
configure:8463: $? = 0
configure:8481: result: yes
configure:8555: checking SDL/SDL.h usability
configure:8572: g++ -c -g -O2  conftest.cpp >&5
conftest.cpp:98:21: error: SDL/SDL.h: No such file or directory
configure:8578: $? = 1
configure: failed program was:
| /* confdefs.h.  */
| #define PACKAGE_NAME ""
| #define PACKAGE_TARNAME ""
| #define PACKAGE_VERSION ""
| #define PACKAGE_STRING ""
| #define PACKAGE_BUGREPORT ""
| #define PWLIB_MAJOR 2
| #define PWLIB_MINOR 0
| #define PWLIB_BUILD 0
| #define PWLIB_VERSION "2.0.0"
| #define P_LINUX "2.6.22.9-61.fc6"
| #define PHAS_TEMPLATES 1
| #define P_PTHREADS 1
| #define P_SHAREDLIBEXT $SHAREDLIBEXT
| #define STDC_HEADERS 1
| #define HAVE_SYS_TYPES_H 1
| #define HAVE_SYS_STAT_H 1
| #define HAVE_STDLIB_H 1
| #define HAVE_STRING_H 1
| #define HAVE_MEMORY_H 1
| #define HAVE_STRINGS_H 1
| #define HAVE_INTTYPES_H 1
| #define HAVE_STDINT_H 1
| #define HAVE_UNISTD_H 1
| #define PBYTE_ORDER PLITTLE_ENDIAN
| #define SIZEOF_INT 4
| #define HAVE_LONG_DOUBLE_WIDER 1
| #define HAVE_LONG_DOUBLE 1
| #define P_HAS_POSIX_READDIR_R 3
| #define P_HAS_RECVMSG 1
| #define P_HAS_STL_STREAMS 1
| #define P_HAS_ATOMIC_INT 1
| #define P_NEEDS_GNU_CXX_NAMESPACE 1
| #define P_HAS_SEMAPHORES 1
| #define P_PTHREADS_XPG6 1
| #define P_HAS_SEMAPHORES_XPG6 1
| #define P_HAS_RECURSIVE_MUTEX 1
| #define HAVE_REGEX_H 1
| #define P_REGEX 1
| #define HAVE_DLFCN_H 1
| #define P_DYNALINK 1
| #define P_HAS_PLUGINS 1
| #define P_DEFAULT_PLUGIN_DIR "/usr/local/lib/pwlib"
| #define P_HAS_RES_NINIT 1
| #define P_DNS 1
| #define P_HAS_SASL_SASL_H 1
| #define P_SASL2 1
| #define HAVE_LDAP_H 1
| #define P_LDAP 1
| #define HAVE_OPENSSL_SSL_H 1
| #define P_SSL 1
| #define HAVE_OPENSSL_AES_H 1
| #define P_SSL_AES 1
| #define P_SSL_USE_CONST 1
| #define HAVE_EXPAT_H 1
| #define P_EXPAT 1
| #define P_VXML 1
| #define P_JABBER 1
| #define P_XMLRPC 1
| #define P_SOAP 1
| #define P_TTS 1
| #define P_HAS_IPV6 1
| #define P_HAS_QOS 1
| /* end confdefs.h.  */
| #include <stdio.h>
| #ifdef HAVE_SYS_TYPES_H
| # include <sys/types.h>
| #endif
| #ifdef HAVE_SYS_STAT_H
| # include <sys/stat.h>
| #endif
| #ifdef STDC_HEADERS
| # include <stdlib.h>
| # include <stddef.h>
| #else
| # ifdef HAVE_STDLIB_H
| #  include <stdlib.h>
| # endif
| #endif
| #ifdef HAVE_STRING_H
| # if !defined STDC_HEADERS && defined HAVE_MEMORY_H
| #  include <memory.h>
| # endif
| # include <string.h>
| #endif
| #ifdef HAVE_STRINGS_H
| # include <strings.h>
| #endif
| #ifdef HAVE_INTTYPES_H
| # include <inttypes.h>
| #endif
| #ifdef HAVE_STDINT_H
| # include <stdint.h>
| #endif
| #ifdef HAVE_UNISTD_H
| # include <unistd.h>
| #endif
| #include <SDL/SDL.h>
configure:8592: result: no
configure:8596: checking SDL/SDL.h presence
configure:8611: g++ -E  conftest.cpp
conftest.cpp:65:21: error: SDL/SDL.h: No such file or directory
configure:8617: $? = 1
configure: failed program was:
| /* confdefs.h.  */
| #define PACKAGE_NAME ""
| #define PACKAGE_TARNAME ""
| #define PACKAGE_VERSION ""
| #define PACKAGE_STRING ""
| #define PACKAGE_BUGREPORT ""
| #define PWLIB_MAJOR 2
| #define PWLIB_MINOR 0
| #define PWLIB_BUILD 0
| #define PWLIB_VERSION "2.0.0"
| #define P_LINUX "2.6.22.9-61.fc6"
| #define PHAS_TEMPLATES 1
| #define P_PTHREADS 1
| #define P_SHAREDLIBEXT $SHAREDLIBEXT
| #define STDC_HEADERS 1
| #define HAVE_SYS_TYPES_H 1
| #define HAVE_SYS_STAT_H 1
| #define HAVE_STDLIB_H 1
| #define HAVE_STRING_H 1
| #define HAVE_MEMORY_H 1
| #define HAVE_STRINGS_H 1
| #define HAVE_INTTYPES_H 1
| #define HAVE_STDINT_H 1
| #define HAVE_UNISTD_H 1
| #define PBYTE_ORDER PLITTLE_ENDIAN
| #define SIZEOF_INT 4
| #define HAVE_LONG_DOUBLE_WIDER 1
| #define HAVE_LONG_DOUBLE 1
| #define P_HAS_POSIX_READDIR_R 3
| #define P_HAS_RECVMSG 1
| #define P_HAS_STL_STREAMS 1
| #define P_HAS_ATOMIC_INT 1
| #define P_NEEDS_GNU_CXX_NAMESPACE 1
| #define P_HAS_SEMAPHORES 1
| #define P_PTHREADS_XPG6 1
| #define P_HAS_SEMAPHORES_XPG6 1
| #define P_HAS_RECURSIVE_MUTEX 1
| #define HAVE_REGEX_H 1
| #define P_REGEX 1
| #define HAVE_DLFCN_H 1
| #define P_DYNALINK 1
| #define P_HAS_PLUGINS 1
| #define P_DEFAULT_PLUGIN_DIR "/usr/local/lib/pwlib"
| #define P_HAS_RES_NINIT 1
| #define P_DNS 1
| #define P_HAS_SASL_SASL_H 1
| #define P_SASL2 1
| #define HAVE_LDAP_H 1
| #define P_LDAP 1
| #define HAVE_OPENSSL_SSL_H 1
| #define P_SSL 1
| #define HAVE_OPENSSL_AES_H 1
| #define P_SSL_AES 1
| #define P_SSL_USE_CONST 1
| #define HAVE_EXPAT_H 1
| #define P_EXPAT 1
| #define P_VXML 1
| #define P_JABBER 1
| #define P_XMLRPC 1
| #define P_SOAP 1
| #define P_TTS 1
| #define P_HAS_IPV6 1
| #define P_HAS_QOS 1
| /* end confdefs.h.  */
| #include <SDL/SDL.h>
configure:8631: result: no
configure:8659: checking for SDL/SDL.h
configure:8667: result: no
configure:8764: checking SDL11/SDL.h usability
configure:8781: g++ -c -g -O2  conftest.cpp >&5
conftest.cpp:98:23: error: SDL11/SDL.h: No such file or directory
configure:8787: $? = 1
configure: failed program was:
| /* confdefs.h.  */
| #define PACKAGE_NAME ""
| #define PACKAGE_TARNAME ""
| #define PACKAGE_VERSION ""
| #define PACKAGE_STRING ""
| #define PACKAGE_BUGREPORT ""
| #define PWLIB_MAJOR 2
| #define PWLIB_MINOR 0
| #define PWLIB_BUILD 0
| #define PWLIB_VERSION "2.0.0"
| #define P_LINUX "2.6.22.9-61.fc6"
| #define PHAS_TEMPLATES 1
| #define P_PTHREADS 1
| #define P_SHAREDLIBEXT $SHAREDLIBEXT
| #define STDC_HEADERS 1
| #define HAVE_SYS_TYPES_H 1
| #define HAVE_SYS_STAT_H 1
| #define HAVE_STDLIB_H 1
| #define HAVE_STRING_H 1
| #define HAVE_MEMORY_H 1
| #define HAVE_STRINGS_H 1
| #define HAVE_INTTYPES_H 1
| #define HAVE_STDINT_H 1
| #define HAVE_UNISTD_H 1
| #define PBYTE_ORDER PLITTLE_ENDIAN
| #define SIZEOF_INT 4
| #define HAVE_LONG_DOUBLE_WIDER 1
| #define HAVE_LONG_DOUBLE 1
| #define P_HAS_POSIX_READDIR_R 3
| #define P_HAS_RECVMSG 1
| #define P_HAS_STL_STREAMS 1
| #define P_HAS_ATOMIC_INT 1
| #define P_NEEDS_GNU_CXX_NAMESPACE 1
| #define P_HAS_SEMAPHORES 1
| #define P_PTHREADS_XPG6 1
| #define P_HAS_SEMAPHORES_XPG6 1
| #define P_HAS_RECURSIVE_MUTEX 1
| #define HAVE_REGEX_H 1
| #define P_REGEX 1
| #define HAVE_DLFCN_H 1
| #define P_DYNALINK 1
| #define P_HAS_PLUGINS 1
| #define P_DEFAULT_PLUGIN_DIR "/usr/local/lib/pwlib"
| #define P_HAS_RES_NINIT 1
| #define P_DNS 1
| #define P_HAS_SASL_SASL_H 1
| #define P_SASL2 1
| #define HAVE_LDAP_H 1
| #define P_LDAP 1
| #define HAVE_OPENSSL_SSL_H 1
| #define P_SSL 1
| #define HAVE_OPENSSL_AES_H 1
| #define P_SSL_AES 1
| #define P_SSL_USE_CONST 1
| #define HAVE_EXPAT_H 1
| #define P_EXPAT 1
| #define P_VXML 1
| #define P_JABBER 1
| #define P_XMLRPC 1
| #define P_SOAP 1
| #define P_TTS 1
| #define P_HAS_IPV6 1
| #define P_HAS_QOS 1
| /* end confdefs.h.  */
| #include <stdio.h>
| #ifdef HAVE_SYS_TYPES_H
| # include <sys/types.h>
| #endif
| #ifdef HAVE_SYS_STAT_H
| # include <sys/stat.h>
| #endif
| #ifdef STDC_HEADERS
| # include <stdlib.h>
| # include <stddef.h>
| #else
| # ifdef HAVE_STDLIB_H
| #  include <stdlib.h>
| # endif
| #endif
| #ifdef HAVE_STRING_H
| # if !defined STDC_HEADERS && defined HAVE_MEMORY_H
| #  include <memory.h>
| # endif
| # include <string.h>
| #endif
| #ifdef HAVE_STRINGS_H
| # include <strings.h>
| #endif
| #ifdef HAVE_INTTYPES_H
| # include <inttypes.h>
| #endif
| #ifdef HAVE_STDINT_H
| # include <stdint.h>
| #endif
| #ifdef HAVE_UNISTD_H
| # include <unistd.h>
| #endif
| #include <SDL11/SDL.h>
configure:8801: result: no
configure:8805: checking SDL11/SDL.h presence
configure:8820: g++ -E  conftest.cpp
conftest.cpp:65:23: error: SDL11/SDL.h: No such file or directory
configure:8826: $? = 1
configure: failed program was:
| /* confdefs.h.  */
| #define PACKAGE_NAME ""
| #define PACKAGE_TARNAME ""
| #define PACKAGE_VERSION ""
| #define PACKAGE_STRING ""
| #define PACKAGE_BUGREPORT ""
| #define PWLIB_MAJOR 2
| #define PWLIB_MINOR 0
| #define PWLIB_BUILD 0
| #define PWLIB_VERSION "2.0.0"
| #define P_LINUX "2.6.22.9-61.fc6"
| #define PHAS_TEMPLATES 1
| #define P_PTHREADS 1
| #define P_SHAREDLIBEXT $SHAREDLIBEXT
| #define STDC_HEADERS 1
| #define HAVE_SYS_TYPES_H 1
| #define HAVE_SYS_STAT_H 1
| #define HAVE_STDLIB_H 1
| #define HAVE_STRING_H 1
| #define HAVE_MEMORY_H 1
| #define HAVE_STRINGS_H 1
| #define HAVE_INTTYPES_H 1
| #define HAVE_STDINT_H 1
| #define HAVE_UNISTD_H 1
| #define PBYTE_ORDER PLITTLE_ENDIAN
| #define SIZEOF_INT 4
| #define HAVE_LONG_DOUBLE_WIDER 1
| #define HAVE_LONG_DOUBLE 1
| #define P_HAS_POSIX_READDIR_R 3
| #define P_HAS_RECVMSG 1
| #define P_HAS_STL_STREAMS 1
| #define P_HAS_ATOMIC_INT 1
| #define P_NEEDS_GNU_CXX_NAMESPACE 1
| #define P_HAS_SEMAPHORES 1
| #define P_PTHREADS_XPG6 1
| #define P_HAS_SEMAPHORES_XPG6 1
| #define P_HAS_RECURSIVE_MUTEX 1
| #define HAVE_REGEX_H 1
| #define P_REGEX 1
| #define HAVE_DLFCN_H 1
| #define P_DYNALINK 1
| #define P_HAS_PLUGINS 1
| #define P_DEFAULT_PLUGIN_DIR "/usr/local/lib/pwlib"
| #define P_HAS_RES_NINIT 1
| #define P_DNS 1
| #define P_HAS_SASL_SASL_H 1
| #define P_SASL2 1
| #define HAVE_LDAP_H 1
| #define P_LDAP 1
| #define HAVE_OPENSSL_SSL_H 1
| #define P_SSL 1
| #define HAVE_OPENSSL_AES_H 1
| #define P_SSL_AES 1
| #define P_SSL_USE_CONST 1
| #define HAVE_EXPAT_H 1
| #define P_EXPAT 1
| #define P_VXML 1
| #define P_JABBER 1
| #define P_XMLRPC 1
| #define P_SOAP 1
| #define P_TTS 1
| #define P_HAS_IPV6 1
| #define P_HAS_QOS 1
| /* end confdefs.h.  */
| #include <SDL11/SDL.h>
configure:8840: result: no
configure:8868: checking for SDL11/SDL.h
configure:8875: result: no
configure:8948: checking linux/videodev.h usability
configure:8965: g++ -c -g -O2  conftest.cpp >&5
configure:8971: $? = 0
configure:8985: result: yes
configure:8989: checking linux/videodev.h presence
configure:9004: g++ -E  conftest.cpp
configure:9010: $? = 0
configure:9024: result: yes
configure:9052: checking for linux/videodev.h
configure:9059: result: yes
configure:9123: Shared memory video devices enabled
configure:9370: Remote connection support disabled
configure:9520: Socket aggregation support disabled
configure:9554: Video file support enabled
configure:9917: checking for swab
configure:9973: g++ -o conftest -g -O2   conftest.cpp  >&5
configure:9979: $? = 0
configure:9996: result: yes
configure:10060: checking sql.h usability
configure:10077: g++ -c -g -O2  conftest.cpp >&5
conftest.cpp:116:17: error: sql.h: No such file or directory
configure:10083: $? = 1
configure: failed program was:
| /* confdefs.h.  */
| #define PACKAGE_NAME ""
| #define PACKAGE_TARNAME ""
| #define PACKAGE_VERSION ""
| #define PACKAGE_STRING ""
| #define PACKAGE_BUGREPORT ""
| #define PWLIB_MAJOR 2
| #define PWLIB_MINOR 0
| #define PWLIB_BUILD 0
| #define PWLIB_VERSION "2.0.0"
| #define P_LINUX "2.6.22.9-61.fc6"
| #define PHAS_TEMPLATES 1
| #define P_PTHREADS 1
| #define P_SHAREDLIBEXT $SHAREDLIBEXT
| #define STDC_HEADERS 1
| #define HAVE_SYS_TYPES_H 1
| #define HAVE_SYS_STAT_H 1
| #define HAVE_STDLIB_H 1
| #define HAVE_STRING_H 1
| #define HAVE_MEMORY_H 1
| #define HAVE_STRINGS_H 1
| #define HAVE_INTTYPES_H 1
| #define HAVE_STDINT_H 1
| #define HAVE_UNISTD_H 1
| #define PBYTE_ORDER PLITTLE_ENDIAN
| #define SIZEOF_INT 4
| #define HAVE_LONG_DOUBLE_WIDER 1
| #define HAVE_LONG_DOUBLE 1
| #define P_HAS_POSIX_READDIR_R 3
| #define P_HAS_RECVMSG 1
| #define P_HAS_STL_STREAMS 1
| #define P_HAS_ATOMIC_INT 1
| #define P_NEEDS_GNU_CXX_NAMESPACE 1
| #define P_HAS_SEMAPHORES 1
| #define P_PTHREADS_XPG6 1
| #define P_HAS_SEMAPHORES_XPG6 1
| #define P_HAS_RECURSIVE_MUTEX 1
| #define HAVE_REGEX_H 1
| #define P_REGEX 1
| #define HAVE_DLFCN_H 1
| #define P_DYNALINK 1
| #define P_HAS_PLUGINS 1
| #define P_DEFAULT_PLUGIN_DIR "/usr/local/lib/pwlib"
| #define P_HAS_RES_NINIT 1
| #define P_DNS 1
| #define P_HAS_SASL_SASL_H 1
| #define P_SASL2 1
| #define HAVE_LDAP_H 1
| #define P_LDAP 1
| #define HAVE_OPENSSL_SSL_H 1
| #define P_SSL 1
| #define HAVE_OPENSSL_AES_H 1
| #define P_SSL_AES 1
| #define P_SSL_USE_CONST 1
| #define HAVE_EXPAT_H 1
| #define P_EXPAT 1
| #define P_VXML 1
| #define P_JABBER 1
| #define P_XMLRPC 1
| #define P_SOAP 1
| #define P_TTS 1
| #define P_HAS_IPV6 1
| #define P_HAS_QOS 1
| #define P_VIDEO 1
| #define P_ASN 1
| #define P_STUN 1
| #define P_PIPECHAN 1
| #define P_DTMF 1
| #define P_WAVFILE 1
| #define P_SOCKS 1
| #define P_FTP 1
| #define P_SNMP 1
| #define P_TELNET 1
| #define P_SERIAL 1
| #define P_POP3SMTP 1
| #define P_HTTP 1
| #define P_HTTPSVC 1
| #define P_CONFIG_FILE 1
| #define P_VIDFILE 1
| #define P_AUDIO 1
| #define USE_SYSTEM_SWAB
| /* end confdefs.h.  */
| #include <stdio.h>
| #ifdef HAVE_SYS_TYPES_H
| # include <sys/types.h>
| #endif
| #ifdef HAVE_SYS_STAT_H
| # include <sys/stat.h>
| #endif
| #ifdef STDC_HEADERS
| # include <stdlib.h>
| # include <stddef.h>
| #else
| # ifdef HAVE_STDLIB_H
| #  include <stdlib.h>
| # endif
| #endif
| #ifdef HAVE_STRING_H
| # if !defined STDC_HEADERS && defined HAVE_MEMORY_H
| #  include <memory.h>
| # endif
| # include <string.h>
| #endif
| #ifdef HAVE_STRINGS_H
| # include <strings.h>
| #endif
| #ifdef HAVE_INTTYPES_H
| # include <inttypes.h>
| #endif
| #ifdef HAVE_STDINT_H
| # include <stdint.h>
| #endif
| #ifdef HAVE_UNISTD_H
| # include <unistd.h>
| #endif
| #include <sql.h>
configure:10097: result: no
configure:10101: checking sql.h presence
configure:10116: g++ -E  conftest.cpp
conftest.cpp:83:17: error: sql.h: No such file or directory
configure:10122: $? = 1
configure: failed program was:
| /* confdefs.h.  */
| #define PACKAGE_NAME ""
| #define PACKAGE_TARNAME ""
| #define PACKAGE_VERSION ""
| #define PACKAGE_STRING ""
| #define PACKAGE_BUGREPORT ""
| #define PWLIB_MAJOR 2
| #define PWLIB_MINOR 0
| #define PWLIB_BUILD 0
| #define PWLIB_VERSION "2.0.0"
| #define P_LINUX "2.6.22.9-61.fc6"
| #define PHAS_TEMPLATES 1
| #define P_PTHREADS 1
| #define P_SHAREDLIBEXT $SHAREDLIBEXT
| #define STDC_HEADERS 1
| #define HAVE_SYS_TYPES_H 1
| #define HAVE_SYS_STAT_H 1
| #define HAVE_STDLIB_H 1
| #define HAVE_STRING_H 1
| #define HAVE_MEMORY_H 1
| #define HAVE_STRINGS_H 1
| #define HAVE_INTTYPES_H 1
| #define HAVE_STDINT_H 1
| #define HAVE_UNISTD_H 1
| #define PBYTE_ORDER PLITTLE_ENDIAN
| #define SIZEOF_INT 4
| #define HAVE_LONG_DOUBLE_WIDER 1
| #define HAVE_LONG_DOUBLE 1
| #define P_HAS_POSIX_READDIR_R 3
| #define P_HAS_RECVMSG 1
| #define P_HAS_STL_STREAMS 1
| #define P_HAS_ATOMIC_INT 1
| #define P_NEEDS_GNU_CXX_NAMESPACE 1
| #define P_HAS_SEMAPHORES 1
| #define P_PTHREADS_XPG6 1
| #define P_HAS_SEMAPHORES_XPG6 1
| #define P_HAS_RECURSIVE_MUTEX 1
| #define HAVE_REGEX_H 1
| #define P_REGEX 1
| #define HAVE_DLFCN_H 1
| #define P_DYNALINK 1
| #define P_HAS_PLUGINS 1
| #define P_DEFAULT_PLUGIN_DIR "/usr/local/lib/pwlib"
| #define P_HAS_RES_NINIT 1
| #define P_DNS 1
| #define P_HAS_SASL_SASL_H 1
| #define P_SASL2 1
| #define HAVE_LDAP_H 1
| #define P_LDAP 1
| #define HAVE_OPENSSL_SSL_H 1
| #define P_SSL 1
| #define HAVE_OPENSSL_AES_H 1
| #define P_SSL_AES 1
| #define P_SSL_USE_CONST 1
| #define HAVE_EXPAT_H 1
| #define P_EXPAT 1
| #define P_VXML 1
| #define P_JABBER 1
| #define P_XMLRPC 1
| #define P_SOAP 1
| #define P_TTS 1
| #define P_HAS_IPV6 1
| #define P_HAS_QOS 1
| #define P_VIDEO 1
| #define P_ASN 1
| #define P_STUN 1
| #define P_PIPECHAN 1
| #define P_DTMF 1
| #define P_WAVFILE 1
| #define P_SOCKS 1
| #define P_FTP 1
| #define P_SNMP 1
| #define P_TELNET 1
| #define P_SERIAL 1
| #define P_POP3SMTP 1
| #define P_HTTP 1
| #define P_HTTPSVC 1
| #define P_CONFIG_FILE 1
| #define P_VIDFILE 1
| #define P_AUDIO 1
| #define USE_SYSTEM_SWAB
| /* end confdefs.h.  */
| #include <sql.h>
configure:10136: result: no
configure:10164: checking for sql.h
configure:10172: result: no
configure:10254: checking for /usr/local/include/sql.h
configure:10269: result: no
configure:10324: C++ exceptions disabled
configure:10357: checking for a BSD-compatible install
configure:10413: result: /usr/bin/install -c
configure:10536: creating ./config.status

## ---------------------- ##
## Running config.status. ##
## ---------------------- ##

This file was extended by config.status, which was
generated by GNU Autoconf 2.61.  Invocation command line was

  CONFIG_FILES    = 
  CONFIG_HEADERS  = 
  CONFIG_LINKS    = 
  CONFIG_COMMANDS = 
  $ ./config.status 

on server2.postincrement.net

config.status:678: creating make/ptbuildopts.mak
config.status:678: creating make/ptlib-config
config.status:678: creating Makefile
config.status:678: creating include/ptbuildopts.h
config.status:969: include/ptbuildopts.h is unchanged
configure:11724: === configuring in plugins (/home/release/ptlib/plugins)
configure:11827: running /bin/sh ./configure '--prefix=/usr/local'  --cache-file=/dev/null --srcdir=.

## ---------------- ##
## Cache variables. ##
## ---------------- ##

ac_cv_build=i686-pc-linux-gnu
ac_cv_c_bigendian=no
ac_cv_c_long_double=yes
ac_cv_cxx_compiler_gnu=yes
ac_cv_env_CCC_set=
ac_cv_env_CCC_value=
ac_cv_env_CPPFLAGS_set=
ac_cv_env_CPPFLAGS_value=
ac_cv_env_CXXCPP_set=
ac_cv_env_CXXCPP_value=
ac_cv_env_CXXFLAGS_set=
ac_cv_env_CXXFLAGS_value=
ac_cv_env_CXX_set=
ac_cv_env_CXX_value=
ac_cv_env_LDFLAGS_set=
ac_cv_env_LDFLAGS_value=
ac_cv_env_LIBS_set=
ac_cv_env_LIBS_value=
ac_cv_env_build_alias_set=
ac_cv_env_build_alias_value=
ac_cv_env_host_alias_set=
ac_cv_env_host_alias_value=
ac_cv_env_target_alias_set=
ac_cv_env_target_alias_value=
ac_cv_file__usr_local_include_sql_h=no
ac_cv_func_regcomp=yes
ac_cv_func_res_ninit=no
ac_cv_func_swab=yes
ac_cv_header_SDL11_SDL_h=no
ac_cv_header_SDL_SDL_h=no
ac_cv_header_dlfcn_h=yes
ac_cv_header_expat_h=yes
ac_cv_header_inttypes_h=yes
ac_cv_header_ldap_h=yes
ac_cv_header_linux_videodev_h=yes
ac_cv_header_memory_h=yes
ac_cv_header_openssl_aes_h=yes
ac_cv_header_openssl_ssl_h=yes
ac_cv_header_regex_h=yes
ac_cv_header_sql_h=no
ac_cv_header_stdc=yes
ac_cv_header_stdint_h=yes
ac_cv_header_stdlib_h=yes
ac_cv_header_string_h=yes
ac_cv_header_strings_h=yes
ac_cv_header_sys_stat_h=yes
ac_cv_header_sys_types_h=yes
ac_cv_header_unistd_h=yes
ac_cv_host=i686-pc-linux-gnu
ac_cv_lib_dl_dlopen=yes
ac_cv_lib_expat_XML_ParserCreate=yes
ac_cv_lib_ldap_ldap_open=yes
ac_cv_lib_mlib_mlib_VideoColorJFIFYCC2RGB420_Nearest=no
ac_cv_lib_pthread_pthread_create=yes
ac_cv_lib_pthread_sem_timedwait=yes
ac_cv_objext=o
ac_cv_path_AR=/usr/bin/ar
ac_cv_path_BISON=/usr/bin/bison
ac_cv_path_EGREP='/bin/grep -E'
ac_cv_path_FLEX=/usr/bin/flex
ac_cv_path_GREP=/bin/grep
ac_cv_path_install='/usr/bin/install -c'
ac_cv_prog_CXXCPP='g++ -E'
ac_cv_prog_ac_ct_CXX=g++
ac_cv_prog_cxx_g=yes
ac_cv_sizeof_int=4
ac_cv_target=i686-pc-linux-gnu
ac_cv_type_int=yes
ac_cv_type_long_double_wider=yes

## ----------------- ##
## Output variables. ##
## ----------------- ##

AR='/usr/bin/ar'
BISON='/usr/bin/bison'
BUILD_NUMBER='0'
BUILD_TYPE='.'
CPPFLAGS=''
CXX='g++'
CXXCPP='g++ -E'
CXXFLAGS='-g -O2'
DEBUG_FLAG='-g'
DEFS='-DHAVE_CONFIG_H'
ECHO_C=''
ECHO_N='-n'
ECHO_T=''
EGREP='/bin/grep -E'
ENDLDLIBS='-lldap -llber -lldap_r  -lpthread -lsasl2 -lssl -lcrypto -lexpat -lresolv -ldl'
EXEEXT=''
FLEX='/usr/bin/flex'
GREP='/bin/grep'
HAS_ALSA=''
HAS_ASN='1'
HAS_AUDIO='1'
HAS_CONFIG_FILE='1'
HAS_DTMF='1'
HAS_EXPAT='1'
HAS_FTP='1'
HAS_HTTP='1'
HAS_HTTPSVC='1'
HAS_IPV6='1'
HAS_JABBER='1'
HAS_ODBC=''
HAS_OPENLDAP='1'
HAS_OPENSSL='1'
HAS_OSS=''
HAS_PIPECHAN='1'
HAS_PLUGINS='1'
HAS_POP3SMTP='1'
HAS_REGEX='1'
HAS_REMCONN=''
HAS_RESOLVER='1'
HAS_SASL2='1'
HAS_SASL=''
HAS_SDL=''
HAS_SERIAL='1'
HAS_SNMP='1'
HAS_SOAP='1'
HAS_SOCKAGG=''
HAS_SOCKS='1'
HAS_STUN='1'
HAS_TELNET='1'
HAS_TTS='1'
HAS_VIDEO='1'
HAS_VIDEO_CAPTURE='1'
HAS_VIDFILE='1'
HAS_VXML='1'
HAS_WAVFILE='1'
HAS_XMLRPC='1'
INSTALLPREFIX='/usr/local'
INSTALL_DATA='${INSTALL} -m 644'
INSTALL_PROGRAM='${INSTALL}'
INSTALL_SCRIPT='${INSTALL}'
LDFLAGS=''
LIBDIR='${exec_prefix}/lib'
LIBOBJS=''
LIBS=''
LTLIBOBJS=''
MACHTYPE='x86'
MAJOR_VERSION='2'
MINOR_VERSION='0'
OBJEXT='o'
OPTSTDCCFLAGS=''
OSRELEASE='"2.6.22.9-61.fc6"'
OSTYPE='linux'
PACKAGE_BUGREPORT=''
PACKAGE_NAME=''
PACKAGE_STRING=''
PACKAGE_TARNAME=''
PACKAGE_VERSION=''
PATH_SEPARATOR=':'
PWINSTDIR=''
PWLIBDIR='/home/release/ptlib'
PWLIB_VERSION='2.0.0'
P_STATIC_ENDLDLIBS=''
P_STATIC_LDFLAGS=''
SHAREDLIBEXT='so'
SHELL='/bin/sh'
STDCCFLAGS=' -D_REENTRANT -fno-exceptions'
STDCXXFLAGS=''
TARGETDIR='unix'
USE_GCC='yes'
USE_PCH='1'
USE_SHM_VIDEO_DEVICES='1'
ac_ct_CXX='g++'
bindir='${exec_prefix}/bin'
build='i686-pc-linux-gnu'
build_alias=''
build_cpu='i686'
build_os='linux-gnu'
build_vendor='pc'
datadir='${datarootdir}'
datarootdir='${prefix}/share'
docdir='${datarootdir}/doc/${PACKAGE}'
dvidir='${docdir}'
exec_prefix='${prefix}'
host='i686-pc-linux-gnu'
host_alias=''
host_cpu='i686'
host_os='linux-gnu'
host_vendor='pc'
htmldir='${docdir}'
includedir='${prefix}/include'
infodir='${datarootdir}/info'
libdir='${exec_prefix}/lib'
libexecdir='${exec_prefix}/libexec'
localedir='${datarootdir}/locale'
localstatedir='${prefix}/var'
mandir='${datarootdir}/man'
oldincludedir='/usr/include'
pdfdir='${docdir}'
prefix='/usr/local'
program_transform_name='s,x,x,'
psdir='${docdir}'
sbindir='${exec_prefix}/sbin'
sharedstatedir='${prefix}/com'
subdirs=' plugins'
sysconfdir='${prefix}/etc'
target='i686-pc-linux-gnu'
target_alias=''
target_cpu='i686'
target_os='linux-gnu'
target_vendor='pc'

## ----------- ##
## confdefs.h. ##
## ----------- ##

#define PACKAGE_NAME ""
#define PACKAGE_TARNAME ""
#define PACKAGE_VERSION ""
#define PACKAGE_STRING ""
#define PACKAGE_BUGREPORT ""
#define PWLIB_MAJOR 2
#define PWLIB_MINOR 0
#define PWLIB_BUILD 0
#define PWLIB_VERSION "2.0.0"
#define P_LINUX "2.6.22.9-61.fc6"
#define PHAS_TEMPLATES 1
#define P_PTHREADS 1
#define P_SHAREDLIBEXT $SHAREDLIBEXT
#define STDC_HEADERS 1
#define HAVE_SYS_TYPES_H 1
#define HAVE_SYS_STAT_H 1
#define HAVE_STDLIB_H 1
#define HAVE_STRING_H 1
#define HAVE_MEMORY_H 1
#define HAVE_STRINGS_H 1
#define HAVE_INTTYPES_H 1
#define HAVE_STDINT_H 1
#define HAVE_UNISTD_H 1
#define PBYTE_ORDER PLITTLE_ENDIAN
#define SIZEOF_INT 4
#define HAVE_LONG_DOUBLE_WIDER 1
#define HAVE_LONG_DOUBLE 1
#define P_HAS_POSIX_READDIR_R 3
#define P_HAS_RECVMSG 1
#define P_HAS_STL_STREAMS 1
#define P_HAS_ATOMIC_INT 1
#define P_NEEDS_GNU_CXX_NAMESPACE 1
#define P_HAS_SEMAPHORES 1
#define P_PTHREADS_XPG6 1
#define P_HAS_SEMAPHORES_XPG6 1
#define P_HAS_RECURSIVE_MUTEX 1
#define HAVE_REGEX_H 1
#define P_REGEX 1
#define HAVE_DLFCN_H 1
#define P_DYNALINK 1
#define P_HAS_PLUGINS 1
#define P_DEFAULT_PLUGIN_DIR "/usr/local/lib/pwlib"
#define P_HAS_RES_NINIT 1
#define P_DNS 1
#define P_HAS_SASL_SASL_H 1
#define P_SASL2 1
#define HAVE_LDAP_H 1
#define P_LDAP 1
#define HAVE_OPENSSL_SSL_H 1
#define P_SSL 1
#define HAVE_OPENSSL_AES_H 1
#define P_SSL_AES 1
#define P_SSL_USE_CONST 1
#define HAVE_EXPAT_H 1
#define P_EXPAT 1
#define P_VXML 1
#define P_JABBER 1
#define P_XMLRPC 1
#define P_SOAP 1
#define P_TTS 1
#define P_HAS_IPV6 1
#define P_HAS_QOS 1
#define P_VIDEO 1
#define P_ASN 1
#define P_STUN 1
#define P_PIPECHAN 1
#define P_DTMF 1
#define P_WAVFILE 1
#define P_SOCKS 1
#define P_FTP 1
#define P_SNMP 1
#define P_TELNET 1
#define P_SERIAL 1
#define P_POP3SMTP 1
#define P_HTTP 1
#define P_HTTPSVC 1
#define P_CONFIG_FILE 1
#define P_VIDFILE 1
#define P_AUDIO 1
#define USE_SYSTEM_SWAB

configure: exit 0
